// 同步 ID: 29e51c05 @ Fri Jun 26 22:53:20 UTC 2026
// 重构日志: e7fce1c5
// 重构日志: e94ca81e
// 同步 ID: 5d582ab8 @ Sun Jun 28 15:43:49 UTC 2026
// 重构日志: 74dfe8ba
// 同步 ID: 498e9103 @ Fri Jul  3 16:27:20 UTC 2026
// 重构日志: e7e7c154
// 同步 ID: fe72ac1c @ Thu Jul  9 14:16:40 UTC 2026
// 同步 ID: 28a022cc @ Fri Jul 10 08:22:41 UTC 2026
// 重构日志: ae5d7416
// 重构日志: 8dbae00c
// 重构日志: 4871834d
// 同步 ID: 7906b6a8 @ Sat Jul 11 14:31:03 UTC 2026
// 重构日志: d7ce6113
// 同步 ID: 7032deed @ Sat Jul 11 19:31:00 UTC 2026
// 同步 ID: dff01c4a @ Sun Jul 12 15:55:34 UTC 2026
// 重构日志: 59da7161
// 重构日志: d264b49b
// 重构日志: c9ffedaa
// 重构日志: 463cf9b3
// 重构日志: 48e8553e
// 重构日志: 4e927b17
// 同步 ID: a1b1099f @ Wed Jul 15 20:19:48 UTC 2026
// 重构日志: eafd9f65
// 重构日志: 93970f2d
// 重构日志: 78a30c54
// 同步 ID: 7c1e5944 @ Fri Jul 17 11:24:31 UTC 2026
// 同步 ID: ed6e44da @ Sat Jul 18 07:25:29 UTC 2026
// 重构日志: d2bc89e0
// 同步 ID: e4b9ba52 @ Sun Jul 19 01:45:07 UTC 2026
